TN:
SF:./js/calculator.js
FN:1,Calculator
FN:3,(anonymous_2)
FN:15,(anonymous_3)
FN:21,(anonymous_4)
FN:26,(anonymous_5)
FN:32,(anonymous_6)
FN:37,(anonymous_7)
FN:43,(anonymous_8)
FNF:8
FNH:6
FNDA:1,Calculator
FNDA:8,(anonymous_2)
FNDA:4,(anonymous_3)
FNDA:2,(anonymous_4)
FNDA:4,(anonymous_5)
FNDA:2,(anonymous_6)
FNDA:0,(anonymous_7)
FNDA:0,(anonymous_8)
DA:1,1
DA:3,1
DA:4,8
DA:9,8
DA:10,2
DA:12,6
DA:15,1
DA:16,4
DA:18,3
DA:19,1
DA:21,2
DA:22,2
DA:26,1
DA:27,4
DA:29,3
DA:30,1
DA:32,2
DA:33,2
DA:37,1
DA:38,0
DA:40,0
DA:41,0
DA:43,0
DA:44,0
LF:24
LH:19
BRDA:9,1,0,2
BRDA:9,1,1,6
BRDA:18,2,0,1
BRDA:18,2,1,2
BRDA:29,3,0,1
BRDA:29,3,1,2
BRDA:40,4,0,0
BRDA:40,4,1,0
BRF:8
BRH:6
end_of_record
